#
# There is insufficient memory for the Java Runtime Environment to continue.
# Native memory allocation (malloc) failed to allocate 32744 bytes for ChunkPool::allocate
# Possible reasons:
#   The system is out of physical RAM or swap space
#   The process is running with CompressedOops enabled, and the Java Heap may be blocking the growth of the native heap
# Possible solutions:
#   Reduce memory load on the system
#   Increase physical memory or swap space
#   Check if swap backing store is full
#   Decrease Java heap size (-Xmx/-Xms)
#   Decrease number of Java threads
#   Decrease Java thread stack sizes (-Xss)
#   Set larger code cache with -XX:ReservedCodeCacheSize=
#   JVM is running with Unscaled Compressed Oops mode in which the Java heap is
#     placed in the first 4GB address space. The Java Heap base address is the
#     maximum limit for the native heap growth. Please use -XX:HeapBaseMinAddress
#     to set the Java Heap base and to place the Java Heap above 4GB virtual address.
# This output file may be truncated or incomplete.
#
#  Out of Memory Error (allocation.cpp:272), pid=11804, tid=0x00000000000028c0
#
# JRE version: OpenJDK Runtime Environment (8.0_362-b09) (build 1.8.0_362-b09)
# Java VM: OpenJDK 64-Bit Server VM (25.362-b09 mixed mode windows-amd64 compressed oops)
# Failed to write core dump. Minidumps are not enabled by default on client versions of Windows
#

---------------  T H R E A D  ---------------

Current thread (0x0000014ab78da800):  JavaThread "C2 CompilerThread1" daemon [_thread_in_native, id=10432, stack(0x00000048f7f00000,0x00000048f8000000)]

Stack: [0x00000048f7f00000,0x00000048f8000000]
[error occurred during error reporting (printing stack bounds), id 0xc0000005]

Native frames: (J=compiled Java code, j=interpreted, Vv=VM code, C=native code)


Current CompileTask:
C2:  26693 4282       4       org.springframework.core.annotation.TypeMappedAnnotations::get (52 bytes)


---------------  P R O C E S S  ---------------

Java Threads: ( => current thread )
  0x0000014ac0dd6800 JavaThread "HikariPool-1 housekeeper" daemon [_thread_blocked, id=11940, stack(0x00000048f8700000,0x00000048f8800000)]
  0x0000014abbd8b000 JavaThread "container-0" [_thread_blocked, id=17176, stack(0x00000048f8500000,0x00000048f8600000)]
  0x0000014ab8c81000 JavaThread "Catalina-utility-2" [_thread_blocked, id=23308, stack(0x00000048f8400000,0x00000048f8500000)]
  0x0000014ac16ef800 JavaThread "Catalina-utility-1" [_thread_blocked, id=19788, stack(0x00000048f8300000,0x00000048f8400000)]
  0x0000014ab8974000 JavaThread "Service Thread" daemon [_thread_blocked, id=8236, stack(0x00000048f8100000,0x00000048f8200000)]
  0x0000014ab793a000 JavaThread "C1 CompilerThread2" daemon [_thread_blocked, id=17828, stack(0x00000048f8000000,0x00000048f8100000)]
=>0x0000014ab78da800 JavaThread "C2 CompilerThread1" daemon [_thread_in_native, id=10432, stack(0x00000048f7f00000,0x00000048f8000000)]
  0x0000014ab78e2000 JavaThread "C2 CompilerThread0" daemon [_thread_in_native, id=5388, stack(0x00000048f7e00000,0x00000048f7f00000)]
  0x0000014ab786b800 JavaThread "JDWP Command Reader" daemon [_thread_in_native, id=15856, stack(0x00000048f7d00000,0x00000048f7e00000)]
  0x0000014ab7862800 JavaThread "JDWP Event Helper Thread" daemon [_thread_blocked, id=15560, stack(0x00000048f7c00000,0x00000048f7d00000)]
  0x0000014ab7850800 JavaThread "JDWP Transport Listener: dt_socket" daemon [_thread_blocked, id=10112, stack(0x00000048f7b00000,0x00000048f7c00000)]
  0x0000014ab7848800 JavaThread "Attach Listener" daemon [_thread_blocked, id=20144, stack(0x00000048f7a00000,0x00000048f7b00000)]
  0x0000014ab7848000 JavaThread "Signal Dispatcher" daemon [_thread_blocked, id=12028, stack(0x00000048f7900000,0x00000048f7a00000)]
  0x0000014ab781f800 JavaThread "Finalizer" daemon [_thread_blocked, id=22256, stack(0x00000048f7800000,0x00000048f7900000)]
  0x0000014ab7817800 JavaThread "Reference Handler" daemon [_thread_blocked, id=4048, stack(0x00000048f7700000,0x00000048f7800000)]
  0x0000014aa1601000 JavaThread "main" [_thread_in_vm, id=23372, stack(0x00000048f7100000,0x00000048f7200000)]

Other Threads:
  0x0000014ab77f0800 VMThread [stack: 0x00000048f7600000,0x00000048f7700000] [id=8536]
  0x0000014ab8976000 WatcherThread [stack: 0x00000048f8200000,0x00000048f8300000] [id=20740]

VM state:not at safepoint (normal execution)

VM Mutex/Monitor currently owned by a thread: None

heap address: 0x0000000082600000, size: 2010 MB, Compressed Oops mode: 32-bit
Narrow klass base: 0x0000000000000000, Narrow klass shift: 3
Compressed class space size: 1073741824 Address: 0x0000000100000000

Heap:
 PSYoungGen      total 193536K, used 82735K [0x00000000d6200000, 0x00000000e3e80000, 0x0000000100000000)
  eden space 182272K, 39% used [0x00000000d6200000,0x00000000da7d1230,0x00000000e1400000)
  from space 11264K, 99% used [0x00000000e2200000,0x00000000e2cfab88,0x00000000e2d00000)
  to   space 14336K, 0% used [0x00000000e1400000,0x00000000e1400000,0x00000000e2200000)
 ParOldGen       total 82944K, used 21010K [0x0000000082600000, 0x0000000087700000, 0x00000000d6200000)
  object space 82944K, 25% used [0x0000000082600000,0x0000000083a84be8,0x0000000087700000)
 Metaspace       used 54370K, capacity 57364K, committed 57600K, reserved 1099776K
  class space    used 7317K, capacity 7817K, committed 7936K, reserved 1048576K

Card table byte_map: [0x0000014ab2310000,0x0000014ab2700000] byte_map_base: 0x0000014ab1efd000

Marking Bits: (ParMarkBitMap*) 0x000000006f0ff7f0
 Begin Bits: [0x0000014ab29a0000, 0x0000014ab4908000)
 End Bits:   [0x0000014ab4908000, 0x0000014ab6870000)

Polling page: 0x0000014aa1740000

CodeCache: size=245760Kb used=15071Kb max_used=15074Kb free=230688Kb
 bounds [0x0000014aa2f50000, 0x0000014aa3e20000, 0x0000014ab1f50000]
 total_blobs=4577 nmethods=4068 adapters=428
 compilation: enabled

Compilation events (10 events):
Event: 26.555 Thread 0x0000014ab793a000 4586       2       java.util.regex.Pattern$SliceI::match (96 bytes)
Event: 26.556 Thread 0x0000014ab793a000 nmethod 4586 0x0000014aa3270710 code [0x0000014aa32708a0, 0x0000014aa3270be0]
Event: 26.573 Thread 0x0000014ab793a000 4588       2       java.util.regex.ASCII::isType (15 bytes)
Event: 26.574 Thread 0x0000014ab793a000 nmethod 4588 0x0000014aa3270310 code [0x0000014aa3270460, 0x0000014aa32705f8]
Event: 26.574 Thread 0x0000014ab793a000 4589       2       java.util.regex.ASCII::getType (17 bytes)
Event: 26.575 Thread 0x0000014ab793a000 nmethod 4589 0x0000014aa3412210 code [0x0000014aa3412360, 0x0000014aa34124d8]
Event: 26.575 Thread 0x0000014ab793a000 4590       2       java.util.regex.Pattern$Ctype::isSatisfiedBy (24 bytes)
Event: 26.576 Thread 0x0000014ab793a000 nmethod 4590 0x0000014aa3e13a50 code [0x0000014aa3e13ba0, 0x0000014aa3e13d78]
Event: 26.655 Thread 0x0000014ab793a000 4591       2       java.lang.Character::equals (29 bytes)
Event: 26.655 Thread 0x0000014ab793a000 nmethod 4591 0x0000014aa386da50 code [0x0000014aa386dba0, 0x0000014aa386ddb8]

GC Heap History (10 events):
Event: 7.152 GC heap before
{Heap before GC invocations=6 (full 1):
 PSYoungGen      total 70656K, used 5093K [0x00000000d6200000, 0x00000000df200000, 0x0000000100000000)
  eden space 65536K, 0% used [0x00000000d6200000,0x00000000d6200000,0x00000000da200000)
  from space 5120K, 99% used [0x00000000da200000,0x00000000da6f97d8,0x00000000da700000)
  to   space 8192K, 0% used [0x00000000dea00000,0x00000000dea00000,0x00000000df200000)
 ParOldGen       total 86016K, used 4910K [0x0000000082600000, 0x0000000087a00000, 0x00000000d6200000)
  object space 86016K, 5% used [0x0000000082600000,0x0000000082acba10,0x0000000087a00000)
 Metaspace       used 20306K, capacity 21110K, committed 21248K, reserved 1067008K
  class space    used 2511K, capacity 2707K, committed 2816K, reserved 1048576K
Event: 7.205 GC heap after
Heap after GC invocations=6 (full 1):
 PSYoungGen      total 70656K, used 0K [0x00000000d6200000, 0x00000000df200000, 0x0000000100000000)
  eden space 65536K, 0% used [0x00000000d6200000,0x00000000d6200000,0x00000000da200000)
  from space 5120K, 0% used [0x00000000da200000,0x00000000da200000,0x00000000da700000)
  to   space 8192K, 0% used [0x00000000dea00000,0x00000000dea00000,0x00000000df200000)
 ParOldGen       total 51712K, used 6304K [0x0000000082600000, 0x0000000085880000, 0x00000000d6200000)
  object space 51712K, 12% used [0x0000000082600000,0x0000000082c281e0,0x0000000085880000)
 Metaspace       used 20306K, capacity 21110K, committed 21248K, reserved 1067008K
  class space    used 2511K, capacity 2707K, committed 2816K, reserved 1048576K
}
Event: 9.733 GC heap before
{Heap before GC invocations=7 (full 1):
 PSYoungGen      total 70656K, used 65536K [0x00000000d6200000, 0x00000000df200000, 0x0000000100000000)
  eden space 65536K, 100% used [0x00000000d6200000,0x00000000da200000,0x00000000da200000)
  from space 5120K, 0% used [0x00000000da200000,0x00000000da200000,0x00000000da700000)
  to   space 8192K, 0% used [0x00000000dea00000,0x00000000dea00000,0x00000000df200000)
 ParOldGen       total 51712K, used 6304K [0x0000000082600000, 0x0000000085880000, 0x00000000d6200000)
  object space 51712K, 12% used [0x0000000082600000,0x0000000082c281e0,0x0000000085880000)
 Metaspace       used 24299K, capacity 25546K, committed 25600K, reserved 1071104K
  class space    used 3042K, capacity 3317K, committed 3328K, reserved 1048576K
Event: 9.775 GC heap after
Heap after GC invocations=7 (full 1):
 PSYoungGen      total 118272K, used 6416K [0x00000000d6200000, 0x00000000df080000, 0x0000000100000000)
  eden space 111616K, 0% used [0x00000000d6200000,0x00000000d6200000,0x00000000dcf00000)
  from space 6656K, 96% used [0x00000000dea00000,0x00000000df044188,0x00000000df080000)
  to   space 8192K, 0% used [0x00000000de080000,0x00000000de080000,0x00000000de880000)
 ParOldGen       total 51712K, used 6304K [0x0000000082600000, 0x0000000085880000, 0x00000000d6200000)
  object space 51712K, 12% used [0x0000000082600000,0x0000000082c281e0,0x0000000085880000)
 Metaspace       used 24299K, capacity 25546K, committed 25600K, reserved 1071104K
  class space    used 3042K, capacity 3317K, committed 3328K, reserved 1048576K
}
Event: 15.887 GC heap before
{Heap before GC invocations=8 (full 1):
 PSYoungGen      total 118272K, used 99102K [0x00000000d6200000, 0x00000000df080000, 0x0000000100000000)
  eden space 111616K, 83% used [0x00000000d6200000,0x00000000dbc839a0,0x00000000dcf00000)
  from space 6656K, 96% used [0x00000000dea00000,0x00000000df044188,0x00000000df080000)
  to   space 8192K, 0% used [0x00000000de080000,0x00000000de080000,0x00000000de880000)
 ParOldGen       total 51712K, used 6304K [0x0000000082600000, 0x0000000085880000, 0x00000000d6200000)
  object space 51712K, 12% used [0x0000000082600000,0x0000000082c281e0,0x0000000085880000)
 Metaspace       used 33309K, capacity 35280K, committed 35416K, reserved 1081344K
  class space    used 4182K, capacity 4522K, committed 4608K, reserved 1048576K
Event: 15.913 GC heap after
Heap after GC invocations=8 (full 1):
 PSYoungGen      total 137728K, used 8189K [0x00000000d6200000, 0x00000000e2d00000, 0x0000000100000000)
  eden space 129536K, 0% used [0x00000000d6200000,0x00000000d6200000,0x00000000de080000)
  from space 8192K, 99% used [0x00000000de080000,0x00000000de87f7c0,0x00000000de880000)
  to   space 11264K, 0% used [0x00000000e2200000,0x00000000e2200000,0x00000000e2d00000)
 ParOldGen       total 51712K, used 10738K [0x0000000082600000, 0x0000000085880000, 0x00000000d6200000)
  object space 51712K, 20% used [0x0000000082600000,0x000000008307c9b0,0x0000000085880000)
 Metaspace       used 33309K, capacity 35280K, committed 35416K, reserved 1081344K
  class space    used 4182K, capacity 4522K, committed 4608K, reserved 1048576K
}
Event: 15.913 GC heap before
{Heap before GC invocations=9 (full 2):
 PSYoungGen      total 137728K, used 8189K [0x00000000d6200000, 0x00000000e2d00000, 0x0000000100000000)
  eden space 129536K, 0% used [0x00000000d6200000,0x00000000d6200000,0x00000000de080000)
  from space 8192K, 99% used [0x00000000de080000,0x00000000de87f7c0,0x00000000de880000)
  to   space 11264K, 0% used [0x00000000e2200000,0x00000000e2200000,0x00000000e2d00000)
 ParOldGen       total 51712K, used 10738K [0x0000000082600000, 0x0000000085880000, 0x00000000d6200000)
  object space 51712K, 20% used [0x0000000082600000,0x000000008307c9b0,0x0000000085880000)
 Metaspace       used 33309K, capacity 35280K, committed 35416K, reserved 1081344K
  class space    used 4182K, capacity 4522K, committed 4608K, reserved 1048576K
Event: 16.055 GC heap after
Heap after GC invocations=9 (full 2):
 PSYoungGen      total 137728K, used 0K [0x00000000d6200000, 0x00000000e2d00000, 0x0000000100000000)
  eden space 129536K, 0% used [0x00000000d6200000,0x00000000d6200000,0x00000000de080000)
  from space 8192K, 0% used [0x00000000de080000,0x00000000de080000,0x00000000de880000)
  to   space 11264K, 0% used [0x00000000e2200000,0x00000000e2200000,0x00000000e2d00000)
 ParOldGen       total 82944K, used 16857K [0x0000000082600000, 0x0000000087700000, 0x00000000d6200000)
  object space 82944K, 20% used [0x0000000082600000,0x0000000083676510,0x0000000087700000)
 Metaspace       used 33309K, capacity 35280K, committed 35416K, reserved 1081344K
  class space    used 4182K, capacity 4522K, committed 4608K, reserved 1048576K
}
Event: 20.667 GC heap before
{Heap before GC invocations=10 (full 2):
 PSYoungGen      total 137728K, used 129536K [0x00000000d6200000, 0x00000000e2d00000, 0x0000000100000000)
  eden space 129536K, 100% used [0x00000000d6200000,0x00000000de080000,0x00000000de080000)
  from space 8192K, 0% used [0x00000000de080000,0x00000000de080000,0x00000000de880000)
  to   space 11264K, 0% used [0x00000000e2200000,0x00000000e2200000,0x00000000e2d00000)
 ParOldGen       total 82944K, used 16857K [0x0000000082600000, 0x0000000087700000, 0x00000000d6200000)
  object space 82944K, 20% used [0x0000000082600000,0x0000000083676510,0x0000000087700000)
 Metaspace       used 48691K, capacity 51016K, committed 51328K, reserved 1093632K
  class space    used 6502K, capacity 6949K, committed 7040K, reserved 1048576K
Event: 20.707 GC heap after
Heap after GC invocations=10 (full 2):
 PSYoungGen      total 193536K, used 11242K [0x00000000d6200000, 0x00000000e3e80000, 0x0000000100000000)
  eden space 182272K, 0% used [0x00000000d6200000,0x00000000d6200000,0x00000000e1400000)
  from space 11264K, 99% used [0x00000000e2200000,0x00000000e2cfab88,0x00000000e2d00000)
  to   space 14336K, 0% used [0x00000000e1400000,0x00000000e1400000,0x00000000e2200000)
 ParOldGen       total 82944K, used 21010K [0x0000000082600000, 0x0000000087700000, 0x00000000d6200000)
  object space 82944K, 25% used [0x0000000082600000,0x0000000083a84be8,0x0000000087700000)
 Metaspace       used 48691K, capacity 51016K, committed 51328K, reserved 1093632K
  class space    used 6502K, capacity 6949K, committed 7040K, reserved 1048576K
}

Deoptimization events (10 events):
Event: 25.171 Thread 0x0000014aa1601000 Uncommon trap: reason=unstable_if action=reinterpret pc=0x0000014aa3a08cb0 method=org.springframework.util.ConcurrentReferenceHashMap$Segment.restructureIfNecessary(Z)V @ 41
Event: 26.026 Thread 0x0000014aa1601000 Uncommon trap: reason=null_check action=make_not_entrant pc=0x0000014aa31f6928 method=java.lang.Class.isAnnotation()Z @ 1
Event: 26.106 Thread 0x0000014aa1601000 Uncommon trap: reason=unstable_if action=reinterpret pc=0x0000014aa33f5fb0 method=java.util.concurrent.ConcurrentHashMap.putVal(Ljava/lang/Object;Ljava/lang/Object;Z)Ljava/lang/Object; @ 331
Event: 26.188 Thread 0x0000014aa1601000 Uncommon trap: reason=unstable_if action=reinterpret pc=0x0000014aa314c948 method=sun.reflect.annotation.AnnotationInvocationHandler.invoke(Ljava/lang/Object;Ljava/lang/reflect/Method;[Ljava/lang/Object;)Ljava/lang/Object; @ 19
Event: 26.203 Thread 0x0000014aa1601000 Uncommon trap: reason=unstable_if action=reinterpret pc=0x0000014aa309a6a8 method=java.util.concurrent.ConcurrentHashMap.get(Ljava/lang/Object;)Ljava/lang/Object; @ 86
Event: 26.205 Thread 0x0000014aa1601000 Uncommon trap: reason=unstable_if action=reinterpret pc=0x0000014aa3a0aaac method=org.springframework.util.ConcurrentReferenceHashMap$Segment.restructureIfNecessary(Z)V @ 41
Event: 26.209 Thread 0x0000014aa1601000 Uncommon trap: reason=unstable_if action=reinterpret pc=0x0000014aa379cb78 method=org.springframework.util.ConcurrentReferenceHashMap$Segment.restructureIfNecessary(Z)V @ 41
Event: 26.242 Thread 0x0000014aa1601000 Uncommon trap: reason=unstable_if action=reinterpret pc=0x0000014aa3d67bc4 method=org.springframework.core.annotation.AnnotationsScanner.processMethodHierarchy(Ljava/lang/Object;[ILjava/lang/Class;Lorg/springframework/core/annotation/AnnotationsProcessor;
Event: 26.242 Thread 0x0000014aa1601000 Uncommon trap: reason=unstable_if action=reinterpret pc=0x0000014aa3d67d24 method=org.springframework.core.annotation.AnnotationsScanner.processMethodHierarchy(Ljava/lang/Object;[ILjava/lang/Class;Lorg/springframework/core/annotation/AnnotationsProcessor;
Event: 26.553 Thread 0x0000014aa1601000 Uncommon trap: reason=unstable_if action=reinterpret pc=0x0000014aa3c76864 method=java.util.regex.Pattern$BmpCharProperty.match(Ljava/util/regex/Matcher;ILjava/lang/CharSequence;)Z @ 34

Classes redefined (0 events):
No events

Internal exceptions (10 events):
Event: 25.348 Thread 0x0000014aa1601000 Exception <a 'java/lang/NoSuchMethodError': java.lang.Object.lambda$and$0(Lorg/springframework/data/repository/core/support/MethodLookup;)Ljava/util/List;> (0x00000000d905ff08) thrown at [J:\jenkins\tmp\workspace\build\src\hotspot\src\share\vm\interpreter
Event: 25.500 Thread 0x0000014aa1601000 Exception <a 'java/lang/IncompatibleClassChangeError': Found class java.lang.Object, but interface was expected> (0x00000000d9270a58) thrown at [J:\jenkins\tmp\workspace\build\src\hotspot\src\share\vm\interpreter\linkResolver.cpp, line 653]
Event: 26.160 Thread 0x0000014aa1601000 Exception <a 'java/io/FileNotFoundException'> (0x00000000d9baed48) thrown at [J:\jenkins\tmp\workspace\build\src\hotspot\src\share\vm\prims\jni.cpp, line 709]
Event: 26.161 Thread 0x0000014aa1601000 Exception <a 'java/io/FileNotFoundException'> (0x00000000d9bafbe0) thrown at [J:\jenkins\tmp\workspace\build\src\hotspot\src\share\vm\prims\jni.cpp, line 709]
Event: 26.207 Thread 0x0000014aa1601000 Exception <a 'java/lang/ClassNotFoundException': java/lang/ObjectCustomizer> (0x00000000d9cd6da8) thrown at [J:\jenkins\tmp\workspace\build\src\hotspot\src\share\vm\classfile\systemDictionary.cpp, line 217]
Event: 26.208 Thread 0x0000014aa1601000 Exception <a 'java/lang/ClassNotFoundException': com/akcl/dpms/svc_main/entity/UserCustomizer> (0x00000000d9cedfd8) thrown at [J:\jenkins\tmp\workspace\build\src\hotspot\src\share\vm\classfile\systemDictionary.cpp, line 217]
Event: 26.227 Thread 0x0000014aa1601000 Exception <a 'java/lang/ClassNotFoundException': java/lang/ObjectCustomizer> (0x00000000d9d46bd8) thrown at [J:\jenkins\tmp\workspace\build\src\hotspot\src\share\vm\classfile\systemDictionary.cpp, line 217]
Event: 26.229 Thread 0x0000014aa1601000 Exception <a 'java/lang/ClassNotFoundException': com/akcl/dpms/svc_auth/entity/LoginBaseCustomizer> (0x00000000d9d5efc0) thrown at [J:\jenkins\tmp\workspace\build\src\hotspot\src\share\vm\classfile\systemDictionary.cpp, line 217]
Event: 26.230 Thread 0x0000014aa1601000 Exception <a 'java/lang/ClassNotFoundException': com/akcl/dpms/svc_main/entity/LoginCustomizer> (0x00000000d9d7a3b8) thrown at [J:\jenkins\tmp\workspace\build\src\hotspot\src\share\vm\classfile\systemDictionary.cpp, line 217]
Event: 26.649 Thread 0x0000014aa1601000 Exception <a 'java/lang/reflect/InvocationTargetException'> (0x00000000da58dde0) thrown at [J:\jenkins\tmp\workspace\build\src\hotspot\src\share\vm\runtime\reflection.cpp, line 1092]

Events (10 events):
Event: 26.655 loading class org/springframework/data/jpa/repository/query/JpaQueryMethod
Event: 26.655 loading class org/springframework/data/jpa/repository/query/JpaQueryMethod done
Event: 26.657 loading class org/springframework/data/jpa/repository/query/DeclaredQuery
Event: 26.657 loading class org/springframework/data/jpa/repository/query/DeclaredQuery done
Event: 26.657 loading class org/springframework/data/jpa/repository/query/AbstractStringBasedJpaQuery
Event: 26.657 loading class org/springframework/data/jpa/repository/query/AbstractStringBasedJpaQuery done
Event: 26.659 loading class org/hibernate/query/internal/QueryImpl
Event: 26.659 loading class org/hibernate/query/internal/QueryImpl done
Event: 26.660 loading class org/hibernate/query/internal/AbstractProducedQuery
Event: 26.660 loading class org/hibernate/query/internal/AbstractProducedQuery done


Dynamic libraries:
0x00007ff6c86c0000 - 0x00007ff6c8705000 	C:\Program Files\Eclipse Adoptium\jdk-8.0.362.9-hotspot\bin\java.exe
0x00007ffd3a3f0000 - 0x00007ffd3a5e8000 	C:\Windows\SYSTEM32\ntdll.dll
0x00007ffd38450000 - 0x00007ffd3850f000 	C:\Windows\System32\KERNEL32.DLL
0x00007ffd37e60000 - 0x00007ffd3813a000 	C:\Windows\System32\KERNELBASE.dll
0x00007ffd38ea0000 - 0x00007ffd38f4e000 	C:\Windows\System32\ADVAPI32.dll
0x00007ffd38510000 - 0x00007ffd385ae000 	C:\Windows\System32\msvcrt.dll
0x00007ffd38b90000 - 0x00007ffd38c2c000 	C:\Windows\System32\sechost.dll
0x00007ffd397a0000 - 0x00007ffd398c4000 	C:\Windows\System32\RPCRT4.dll
0x00007ffd38f50000 - 0x00007ffd390ed000 	C:\Windows\System32\USER32.dll
0x00007ffd37d90000 - 0x00007ffd37db2000 	C:\Windows\System32\win32u.dll
0x00007ffd39710000 - 0x00007ffd3973b000 	C:\Windows\System32\GDI32.dll
0x00007ffd38140000 - 0x00007ffd38250000 	C:\Windows\System32\gdi32full.dll
0x00007ffd37dc0000 - 0x00007ffd37e5d000 	C:\Windows\System32\msvcp_win.dll
0x00007ffd38250000 - 0x00007ffd38350000 	C:\Windows\System32\ucrtbase.dll
0x00007ffd20930000 - 0x00007ffd20bca000 	C:\Windows\WinSxS\amd64_microsoft.windows.common-controls_6595b64144ccf1df_6.0.19041.1110_none_60b5254171f9507e\COMCTL32.dll
0x00007ffd385b0000 - 0x00007ffd385e0000 	C:\Windows\System32\IMM32.DLL
0x00007ffd22510000 - 0x00007ffd22525000 	C:\Program Files\Eclipse Adoptium\jdk-8.0.362.9-hotspot\jre\bin\vcruntime140.dll
0x00007ffcf6730000 - 0x00007ffcf67cb000 	C:\Program Files\Eclipse Adoptium\jdk-8.0.362.9-hotspot\jre\bin\msvcp140.dll
0x000000006e920000 - 0x000000006f178000 	C:\Program Files\Eclipse Adoptium\jdk-8.0.362.9-hotspot\jre\bin\server\jvm.dll
0x00007ffd385e0000 - 0x00007ffd385e8000 	C:\Windows\System32\PSAPI.DLL
0x00007ffd07520000 - 0x00007ffd07529000 	C:\Windows\SYSTEM32\WSOCK32.dll
0x00007ffd38dc0000 - 0x00007ffd38e2b000 	C:\Windows\System32\WS2_32.dll
0x00007ffd17aa0000 - 0x00007ffd17ac7000 	C:\Windows\SYSTEM32\WINMM.dll
0x00007ffd2b150000 - 0x00007ffd2b15a000 	C:\Windows\SYSTEM32\VERSION.dll
0x00007ffd36580000 - 0x00007ffd36592000 	C:\Windows\SYSTEM32\kernel.appcore.dll
0x00007ffd2cfe0000 - 0x00007ffd2cff0000 	C:\Program Files\Eclipse Adoptium\jdk-8.0.362.9-hotspot\jre\bin\verify.dll
0x00007ffd20e70000 - 0x00007ffd20e9b000 	C:\Program Files\Eclipse Adoptium\jdk-8.0.362.9-hotspot\jre\bin\java.dll
0x00007ffd20780000 - 0x00007ffd207b6000 	C:\Program Files\Eclipse Adoptium\jdk-8.0.362.9-hotspot\jre\bin\jdwp.dll
0x00007ffd2ca50000 - 0x00007ffd2ca59000 	C:\Program Files\Eclipse Adoptium\jdk-8.0.362.9-hotspot\jre\bin\npt.dll
0x00007ffd1f3a0000 - 0x00007ffd1f3d0000 	C:\Program Files\Eclipse Adoptium\jdk-8.0.362.9-hotspot\jre\bin\instrument.dll
0x00007ffd20760000 - 0x00007ffd20778000 	C:\Program Files\Eclipse Adoptium\jdk-8.0.362.9-hotspot\jre\bin\zip.dll
0x00007ffd398d0000 - 0x00007ffd3a014000 	C:\Windows\System32\SHELL32.dll
0x00007ffd35600000 - 0x00007ffd35d93000 	C:\Windows\SYSTEM32\windows.storage.dll
0x00007ffd38760000 - 0x00007ffd38ab4000 	C:\Windows\System32\combase.dll
0x00007ffd373a0000 - 0x00007ffd373ce000 	C:\Windows\SYSTEM32\Wldp.dll
0x00007ffd3a020000 - 0x00007ffd3a0cd000 	C:\Windows\System32\SHCORE.dll
0x00007ffd3a1a0000 - 0x00007ffd3a1f5000 	C:\Windows\System32\shlwapi.dll
0x00007ffd37a40000 - 0x00007ffd37a5f000 	C:\Windows\SYSTEM32\profapi.dll
0x00007ffd2bb20000 - 0x00007ffd2bb2a000 	C:\Program Files\Eclipse Adoptium\jdk-8.0.362.9-hotspot\jre\bin\dt_socket.dll
0x00007ffd37180000 - 0x00007ffd371ea000 	C:\Windows\system32\mswsock.dll
0x00007ffd26a10000 - 0x00007ffd26a1d000 	C:\Program Files\Eclipse Adoptium\jdk-8.0.362.9-hotspot\jre\bin\management.dll
0x00007ffd20640000 - 0x00007ffd2065c000 	C:\Program Files\Eclipse Adoptium\jdk-8.0.362.9-hotspot\jre\bin\net.dll
0x00007ffcc9e20000 - 0x00007ffcc9e37000 	C:\Windows\system32\napinsp.dll
0x00007ffcc9e00000 - 0x00007ffcc9e1b000 	C:\Windows\system32\pnrpnsp.dll
0x00007ffd32720000 - 0x00007ffd32735000 	C:\Windows\system32\wshbth.dll
0x00007ffd32db0000 - 0x00007ffd32dcd000 	C:\Windows\system32\NLAapi.dll
0x00007ffd36e90000 - 0x00007ffd36ecc000 	C:\Windows\SYSTEM32\IPHLPAPI.DLL
0x00007ffd36ed0000 - 0x00007ffd36f9b000 	C:\Windows\SYSTEM32\DNSAPI.dll
0x00007ffd38c90000 - 0x00007ffd38c98000 	C:\Windows\System32\NSI.dll
0x00007ffcc9de0000 - 0x00007ffcc9df2000 	C:\Windows\System32\winrnr.dll
0x00007ffd22110000 - 0x00007ffd2211a000 	C:\Windows\System32\rasadhlp.dll
0x00007ffd258f0000 - 0x00007ffd25970000 	C:\Windows\System32\fwpuclnt.dll
0x00007ffd37c60000 - 0x00007ffd37c87000 	C:\Windows\System32\bcrypt.dll
0x00007ffd1f550000 - 0x00007ffd1f563000 	C:\Program Files\Eclipse Adoptium\jdk-8.0.362.9-hotspot\jre\bin\nio.dll
0x00007ffd373e0000 - 0x00007ffd373f8000 	C:\Windows\SYSTEM32\CRYPTSP.dll
0x00007ffd36ac0000 - 0x00007ffd36af4000 	C:\Windows\system32\rsaenh.dll
0x00007ffd37a00000 - 0x00007ffd37a2e000 	C:\Windows\SYSTEM32\USERENV.dll
0x00007ffd37c90000 - 0x00007ffd37d12000 	C:\Windows\System32\bcryptprimitives.dll
0x00007ffd37310000 - 0x00007ffd3731c000 	C:\Windows\SYSTEM32\CRYPTBASE.dll
0x00007ffd26ac0000 - 0x00007ffd26ad7000 	C:\Windows\SYSTEM32\dhcpcsvc6.DLL
0x00007ffd26aa0000 - 0x00007ffd26abd000 	C:\Windows\SYSTEM32\dhcpcsvc.DLL
0x00007ffd1c2b0000 - 0x00007ffd1c2d4000 	C:\Program Files\Eclipse Adoptium\jdk-8.0.362.9-hotspot\jre\bin\sunec.dll
0x00007ffd243f0000 - 0x00007ffd243fd000 	C:\Program Files\Eclipse Adoptium\jdk-8.0.362.9-hotspot\jre\bin\sunmscapi.dll
0x00007ffd37b00000 - 0x00007ffd37c56000 	C:\Windows\System32\CRYPT32.dll
0x00007ffd37560000 - 0x00007ffd37588000 	C:\Windows\SYSTEM32\ncrypt.dll
0x00007ffd37520000 - 0x00007ffd3755b000 	C:\Windows\SYSTEM32\NTASN1.dll

VM Arguments:
jvm_args: -agentlib:jdwp=transport=dt_socket,address=127.0.0.1:50979,suspend=y,server=n -javaagent:C:\Users\SHABBI~1\AppData\Local\Temp\captureAgent9jars\debugger-agent.jar -Dfile.encoding=UTF-8 
java_command: com.akcl.dpms.DpmsApplication --spring.dpms.datasource.username=root --spring.dpms.datasource.password=12345678 --origin.base.datasource.username=shabbir --origin.base.datasource.password=12345678 --spring.mail.username=samax92@gmail.com --spring.mail.password=exrnfckzfunorgmb --jwt.secret=Max!9200
java_class_path (initial): C:\Program Files\Eclipse Adoptium\jdk-8.0.362.9-hotspot\jre\lib\charsets.jar;C:\Program Files\Eclipse Adoptium\jdk-8.0.362.9-hotspot\jre\lib\ext\access-bridge-64.jar;C:\Program Files\Eclipse Adoptium\jdk-8.0.362.9-hotspot\jre\lib\ext\cldrdata.jar;C:\Program Files\Eclipse Adoptium\jdk-8.0.362.9-hotspot\jre\lib\ext\dnsns.jar;C:\Program Files\Eclipse Adoptium\jdk-8.0.362.9-hotspot\jre\lib\ext\jaccess.jar;C:\Program Files\Eclipse Adoptium\jdk-8.0.362.9-hotspot\jre\lib\ext\localedata.jar;C:\Program Files\Eclipse Adoptium\jdk-8.0.362.9-hotspot\jre\lib\ext\nashorn.jar;C:\Program Files\Eclipse Adoptium\jdk-8.0.362.9-hotspot\jre\lib\ext\sunec.jar;C:\Program Files\Eclipse Adoptium\jdk-8.0.362.9-hotspot\jre\lib\ext\sunjce_provider.jar;C:\Program Files\Eclipse Adoptium\jdk-8.0.362.9-hotspot\jre\lib\ext\sunmscapi.jar;C:\Program Files\Eclipse Adoptium\jdk-8.0.362.9-hotspot\jre\lib\ext\sunpkcs11.jar;C:\Program Files\Eclipse Adoptium\jdk-8.0.362.9-hotspot\jre\lib\ext\zipfs.jar;C:\Program Files\Eclipse Adoptium\jdk-8.0.362.9-hotspot\jre\lib\jce.jar;C:\Program Files\Eclipse Adoptium\jdk-8.0.362.9-hotspot\jre\lib\jfr.jar;C:\Program Files\Eclipse Adoptium\jdk-8.0.362.9-hotspot\jre\lib\jsse.jar;C:\Program Files\Eclipse Adoptium\jdk-8.0.362.9-hotspot\jre\lib\management-agent.jar;C:\Program Files\Eclipse Adoptium\jdk-8.0.362.9-hotspot\jre\lib\resources.jar;C:\Program Files\Eclipse Adoptium\jdk-8.0.362.9-hotspot\jre\lib\rt.jar;C:\Projects\dpms\spring-backend\dpms\target\classes;C:\Users\Shabbir Ahmed\.m2\repository\org\springframework\boot\spring-boot-starter-data-jpa\2.7.11-SNAPSHOT\spring-boot-starter-data-jpa-2.7.11-20230407.231643-10.jar;C:\Users\Shabbir Ahmed\.m2\repository\org\springframework\boot\spring-boot-starter-aop\2.7.11-SNAPSHOT\spring-boot-starter-aop-2.7.11-20230407.231643-10.jar;C:\Users\Shabbir Ahmed\.m2\repository\org\springframework\spring-aop\5.3.27-SNAPSHOT\spring-aop-5.3.27-20230407.100959-15.jar;C:\Users\Shabbir Ahmed\.m2\repository\org\
Launcher Type: SUN_STANDARD

Environment Variables:
JAVA_HOME=C:\Program Files\Eclipse Adoptium\jdk-8.0.362.9-hotspot\
PATH=C:\Program Files\Eclipse Adoptium\jdk-8.0.362.9-hotspot\bin;C:\Program Files\Eclipse Adoptium\jdk-11.0.18.10-hotspot\bin;C:\Windows\system32;C:\Windows;C:\Windows\System32\Wbem;C:\Windows\System32\WindowsPowerShell\v1.0\;C:\Windows\System32\OpenSSH\;C:\Users\Shabbir Ahmed\AppData\Roaming\nvm;C:\Program Files\nodejs;C:\Program Files\Docker\Docker\resources\bin;C:\Program Files\Microsoft SQL Server\130\Tools\Binn\;C:\Program Files\Microsoft SQL Server\Client SDK\ODBC\170\Tools\Binn\;C:\Program Files\Git\cmd;C:\Program Files\dotnet\;C:\Program Files\Microsoft SQL Server\Client SDK\ODBC\130\Tools\Binn\;C:\Program Files (x86)\Microsoft SQL Server\130\Tools\Binn\;C:\Program Files\Microsoft SQL Server\130\DTS\Binn\;C:\Program Files (x86)\Microsoft SQL Server\160\DTS\Binn\;C:\Program Files\Azure Data Studio\bin;C:\apache-maven-3.8.8\bin;C:\aria2-1.36.0-win-64bit-build1;C:\camunda-modeler-5.9.0-win-x64;C:\Users\Shabbir Ahmed\AppData\Local\Microsoft\WindowsApps;C:\Users\Shabbir Ahmed\AppData\Roaming\nvm;C:\Program Files\nodejs;C:\Users\Shabbir Ahmed\AppData\Local\Programs\Microsoft VS Code\bin;C:\Users\Shabbir Ahmed\.dotnet\tools;C:\Program Files\Azure Data Studio\bin
USERNAME=Shabbir Ahmed
OS=Windows_NT
PROCESSOR_IDENTIFIER=Intel64 Family 6 Model 142 Stepping 9, GenuineIntel



---------------  S Y S T E M  ---------------

OS: Windows 10 , 64 bit Build 19041 (10.0.19041.2788)

CPU:total 4 (initial active 4) (2 cores per cpu, 2 threads per core) family 6 model 142 stepping 9, cmov, cx8, fxsr, mmx, sse, sse2, sse3, ssse3, sse4.1, sse4.2, popcnt, avx, avx2, aes, clmul, erms, rtm, 3dnowpref, lzcnt, ht, tsc, tscinvbit, bmi1, bmi2, adx

Memory: 4k page, physical 8228052k(325816k free), swap 33393876k(1196k free)

vm_info: OpenJDK 64-Bit Server VM (25.362-b09) for windows-amd64 JRE (1.8.0_362-b09), built on Jan 18 2023 17:11:58 by "jenkins" with MS VC++ 15.9 (VS2017)

time: Thu Apr 13 07:15:29 2023
timezone: Bangladesh Standard Time
elapsed time: 26.720364 seconds (0d 0h 0m 26s)

